<?xml version="1.0" encoding="UTF-8"?>
<robot generator="Robot 3.2.2 (Python 3.9.1 on win32)" generated="20210304 11:11:05.537" rpa="false">
<suite id="s1" name="Gtest" source="C:\cygwin64\home\robot\Tests\Gtest.robot">
<test id="s1-t1" name="User can access website">
<kw name="Begin Web Test" type="setup">
<kw name="Open Browser" library="SeleniumLibrary">
<doc>Opens a new browser instance to the optional ``url``.</doc>
<arguments>
<arg>${URL}</arg>
<arg>${BROWSER}</arg>
</arguments>
<msg timestamp="20210304 11:11:05.898" level="INFO">Opening browser 'chrome' to base url 'http://rental30.infotiv.net/'.</msg>
<status status="PASS" starttime="20210304 11:11:05.897" endtime="20210304 11:11:08.920"></status>
</kw>
<kw name="Wait Until Page Contains" library="SeleniumLibrary">
<doc>Waits until ``text`` appears on the current page.</doc>
<arguments>
<arg>Infotiv Car Rental</arg>
</arguments>
<status status="PASS" starttime="20210304 11:11:08.922" endtime="20210304 11:11:08.949"></status>
</kw>
<status status="PASS" starttime="20210304 11:11:05.897" endtime="20210304 11:11:08.949"></status>
</kw>
<kw name="Begin Web Test">
<kw name="Open Browser" library="SeleniumLibrary">
<doc>Opens a new browser instance to the optional ``url``.</doc>
<arguments>
<arg>${URL}</arg>
<arg>${BROWSER}</arg>
</arguments>
<msg timestamp="20210304 11:11:08.951" level="INFO">Opening browser 'chrome' to base url 'http://rental30.infotiv.net/'.</msg>
<status status="PASS" starttime="20210304 11:11:08.951" endtime="20210304 11:11:12.140"></status>
</kw>
<kw name="Wait Until Page Contains" library="SeleniumLibrary">
<doc>Waits until ``text`` appears on the current page.</doc>
<arguments>
<arg>Infotiv Car Rental</arg>
</arguments>
<status status="PASS" starttime="20210304 11:11:12.140" endtime="20210304 11:11:12.163"></status>
</kw>
<status status="PASS" starttime="20210304 11:11:08.951" endtime="20210304 11:11:12.164"></status>
</kw>
<kw name="verify Login">
<kw name="Input Text" library="SeleniumLibrary">
<doc>Types the given ``text`` into the text field identified by ``locator``.</doc>
<arguments>
<arg>xpath://*[@id="email"]</arg>
<arg>${USERID}</arg>
</arguments>
<msg timestamp="20210304 11:11:12.165" level="INFO">Typing text 'abc@info.com' into text field 'xpath://*[@id="email"]'.</msg>
<status status="PASS" starttime="20210304 11:11:12.164" endtime="20210304 11:11:12.332"></status>
</kw>
<kw name="Input Text" library="SeleniumLibrary">
<doc>Types the given ``text`` into the text field identified by ``locator``.</doc>
<arguments>
<arg>xpath://*[@id="password"]</arg>
<arg>${PASSWORD}</arg>
</arguments>
<msg timestamp="20210304 11:11:12.333" level="INFO">Typing text 'test123' into text field 'xpath://*[@id="password"]'.</msg>
<status status="PASS" starttime="20210304 11:11:12.333" endtime="20210304 11:11:12.445"></status>
</kw>
<kw name="Press Keys" library="SeleniumLibrary">
<doc>Simulates the user pressing key(s) to an element or on the active browser.</doc>
<arguments>
<arg>xpath://*[@id="login"]</arg>
<arg>RETURN</arg>
</arguments>
<msg timestamp="20210304 11:11:12.445" level="INFO">Sending key(s) ('RETURN',) to xpath://*[@id="login"] element.</msg>
<msg timestamp="20210304 11:11:13.362" level="INFO">Pressing special key RETURN to element.</msg>
<msg timestamp="20210304 11:11:13.362" level="INFO">Releasing special key RETURN.</msg>
<status status="PASS" starttime="20210304 11:11:12.445" endtime="20210304 11:11:13.378"></status>
</kw>
<status status="PASS" starttime="20210304 11:11:12.164" endtime="20210304 11:11:13.378"></status>
</kw>
<kw name="Then User is logged in">
<kw name="Page Should Contain" library="SeleniumLibrary">
<doc>Verifies that current page contains ``text``.</doc>
<arguments>
<arg>${SIGNINMESSAGE}</arg>
</arguments>
<msg timestamp="20210304 11:11:13.401" level="INFO">Current page contains text 'You are signed in'.</msg>
<status status="PASS" starttime="20210304 11:11:13.380" endtime="20210304 11:11:13.401"></status>
</kw>
<status status="PASS" starttime="20210304 11:11:13.379" endtime="20210304 11:11:13.403"></status>
</kw>
<kw name="Mypage booking">
<kw name="Press Keys" library="SeleniumLibrary">
<doc>Simulates the user pressing key(s) to an element or on the active browser.</doc>
<arguments>
<arg>xpath://*[@id="mypage"]</arg>
<arg>RETURN</arg>
</arguments>
<msg timestamp="20210304 11:11:13.405" level="INFO">Sending key(s) ('RETURN',) to xpath://*[@id="mypage"] element.</msg>
<msg timestamp="20210304 11:11:13.950" level="INFO">Pressing special key RETURN to element.</msg>
<msg timestamp="20210304 11:11:13.951" level="INFO">Releasing special key RETURN.</msg>
<status status="PASS" starttime="20210304 11:11:13.405" endtime="20210304 11:11:13.964"></status>
</kw>
<status status="PASS" starttime="20210304 11:11:13.405" endtime="20210304 11:11:13.964"></status>
</kw>
<kw name="End Web Test" type="teardown">
<kw name="Close All Browsers" library="SeleniumLibrary">
<doc>Closes all open browsers and resets the browser cache.</doc>
<status status="PASS" starttime="20210304 11:11:13.966" endtime="20210304 11:11:18.863"></status>
</kw>
<status status="PASS" starttime="20210304 11:11:13.965" endtime="20210304 11:11:18.863"></status>
</kw>
<doc>User can login to website and checks booking</doc>
<tags>
<tag>Checking login</tag>
</tags>
<status status="PASS" starttime="20210304 11:11:05.895" endtime="20210304 11:11:18.873" critical="yes"></status>
</test>
<test id="s1-t2" name="User can book for the trip">
<kw name="Begin Web Test" type="setup">
<kw name="Open Browser" library="SeleniumLibrary">
<doc>Opens a new browser instance to the optional ``url``.</doc>
<arguments>
<arg>${URL}</arg>
<arg>${BROWSER}</arg>
</arguments>
<msg timestamp="20210304 11:11:18.877" level="INFO">Opening browser 'chrome' to base url 'http://rental30.infotiv.net/'.</msg>
<status status="PASS" starttime="20210304 11:11:18.876" endtime="20210304 11:11:21.677"></status>
</kw>
<kw name="Wait Until Page Contains" library="SeleniumLibrary">
<doc>Waits until ``text`` appears on the current page.</doc>
<arguments>
<arg>Infotiv Car Rental</arg>
</arguments>
<status status="PASS" starttime="20210304 11:11:21.677" endtime="20210304 11:11:21.708"></status>
</kw>
<status status="PASS" starttime="20210304 11:11:18.875" endtime="20210304 11:11:21.709"></status>
</kw>
<kw name="trip book">
<kw name="Press Keys" library="SeleniumLibrary">
<doc>Simulates the user pressing key(s) to an element or on the active browser.</doc>
<arguments>
<arg>xpath://*[@id="reset"]</arg>
<arg>RETURN</arg>
</arguments>
<msg timestamp="20210304 11:11:21.736" level="INFO">Sending key(s) ('RETURN',) to xpath://*[@id="reset"] element.</msg>
<msg timestamp="20210304 11:11:22.447" level="INFO">Pressing special key RETURN to element.</msg>
<msg timestamp="20210304 11:11:22.447" level="INFO">Releasing special key RETURN.</msg>
<status status="PASS" starttime="20210304 11:11:21.733" endtime="20210304 11:11:22.460"></status>
</kw>
<kw name="Input Text" library="SeleniumLibrary">
<doc>Types the given ``text`` into the text field identified by ``locator``.</doc>
<arguments>
<arg>xpath://*[@id="start"]</arg>
<arg>0323</arg>
</arguments>
<msg timestamp="20210304 11:11:22.460" level="INFO">Typing text '0323' into text field 'xpath://*[@id="start"]'.</msg>
<status status="PASS" starttime="20210304 11:11:22.460" endtime="20210304 11:11:22.627"></status>
</kw>
<kw name="Input Text" library="SeleniumLibrary">
<doc>Types the given ``text`` into the text field identified by ``locator``.</doc>
<arguments>
<arg>xpath://*[@id="end"]</arg>
<arg>0324</arg>
</arguments>
<msg timestamp="20210304 11:11:22.627" level="INFO">Typing text '0324' into text field 'xpath://*[@id="end"]'.</msg>
<status status="PASS" starttime="20210304 11:11:22.627" endtime="20210304 11:11:22.755"></status>
</kw>
<kw name="Press Keys" library="SeleniumLibrary">
<doc>Simulates the user pressing key(s) to an element or on the active browser.</doc>
<arguments>
<arg>xpath://*[@id="continue"]</arg>
<arg>RETURN</arg>
</arguments>
<msg timestamp="20210304 11:11:22.756" level="INFO">Sending key(s) ('RETURN',) to xpath://*[@id="continue"] element.</msg>
<msg timestamp="20210304 11:11:23.861" level="INFO">Pressing special key RETURN to element.</msg>
<msg timestamp="20210304 11:11:23.861" level="INFO">Releasing special key RETURN.</msg>
<status status="PASS" starttime="20210304 11:11:22.755" endtime="20210304 11:11:23.873"></status>
</kw>
<status status="PASS" starttime="20210304 11:11:21.731" endtime="20210304 11:11:23.874"></status>
</kw>
<kw name="User on the car selection page">
<kw name="Element Should Contain" library="SeleniumLibrary">
<doc>Verifies that element ``locator`` contains text ``expected``.</doc>
<arguments>
<arg>xpath://*[@id="questionText"]</arg>
<arg>${CARSELECTPAGE}</arg>
</arguments>
<msg timestamp="20210304 11:11:23.923" level="INFO">Element 'xpath://*[@id="questionText"]' contains text 'What would you like to drive'.</msg>
<status status="PASS" starttime="20210304 11:11:23.877" endtime="20210304 11:11:23.923"></status>
</kw>
<status status="PASS" starttime="20210304 11:11:23.876" endtime="20210304 11:11:23.924"></status>
</kw>
<kw name="End Web Test">
<kw name="Close All Browsers" library="SeleniumLibrary">
<doc>Closes all open browsers and resets the browser cache.</doc>
<status status="PASS" starttime="20210304 11:11:23.926" endtime="20210304 11:11:26.261"></status>
</kw>
<status status="PASS" starttime="20210304 11:11:23.925" endtime="20210304 11:11:26.261"></status>
</kw>
<kw name="End Web Test" type="teardown">
<kw name="Close All Browsers" library="SeleniumLibrary">
<doc>Closes all open browsers and resets the browser cache.</doc>
<status status="PASS" starttime="20210304 11:11:26.266" endtime="20210304 11:11:26.268"></status>
</kw>
<status status="PASS" starttime="20210304 11:11:26.264" endtime="20210304 11:11:26.269"></status>
</kw>
<tags>
<tag>Booking trip</tag>
</tags>
<status status="PASS" starttime="20210304 11:11:18.874" endtime="20210304 11:11:26.270" critical="yes"></status>
</test>
<doc>This is some basic infor about the whole test suite</doc>
<status status="PASS" starttime="20210304 11:11:05.540" endtime="20210304 11:11:26.277"></status>
</suite>
<statistics>
<total>
<stat pass="2" fail="0">Critical Tests</stat>
<stat pass="2" fail="0">All Tests</stat>
</total>
<tag>
<stat pass="1" fail="0">Booking trip</stat>
<stat pass="1" fail="0">Checking login</stat>
</tag>
<suite>
<stat pass="2" fail="0" id="s1" name="Gtest">Gtest</stat>
</suite>
</statistics>
<errors>
</errors>
</robot>
