<?xml version="1.0" encoding="UTF-8"?>
<robot generator="Robot 3.2.2 (Python 3.9.1 on win32)" generated="20210303 12:50:36.126" rpa="false">
<suite id="s1" name="VGtest" source="C:\cygwin64\home\robot\Tests\VGtest.robot">
<test id="s1-t1" name="User can book a car">
<kw name="Given User on the Infotivcar homepage" type="setup">
<kw name="Open Browser" library="SeleniumLibrary">
<doc>Opens a new browser instance to the optional ``url``.</doc>
<arguments>
<arg>${URL}</arg>
<arg>${BROWSER}</arg>
</arguments>
<msg timestamp="20210303 12:50:37.436" level="INFO">Opening browser 'chrome' to base url 'http://rental30.infotiv.net/'.</msg>
<status status="PASS" starttime="20210303 12:50:37.434" endtime="20210303 12:50:43.403"></status>
</kw>
<kw name="Wait Until Page Contains" library="SeleniumLibrary">
<doc>Waits until ``text`` appears on the current page.</doc>
<arguments>
<arg>Infotiv Car Rental</arg>
</arguments>
<status status="PASS" starttime="20210303 12:50:43.403" endtime="20210303 12:50:43.531"></status>
</kw>
<status status="PASS" starttime="20210303 12:50:37.430" endtime="20210303 12:50:43.533"></status>
</kw>
<kw name="Given User on the Infotivcar homepage">
<kw name="Open Browser" library="SeleniumLibrary">
<doc>Opens a new browser instance to the optional ``url``.</doc>
<arguments>
<arg>${URL}</arg>
<arg>${BROWSER}</arg>
</arguments>
<msg timestamp="20210303 12:50:43.554" level="INFO">Opening browser 'chrome' to base url 'http://rental30.infotiv.net/'.</msg>
<status status="PASS" starttime="20210303 12:50:43.552" endtime="20210303 12:50:47.580"></status>
</kw>
<kw name="Wait Until Page Contains" library="SeleniumLibrary">
<doc>Waits until ``text`` appears on the current page.</doc>
<arguments>
<arg>Infotiv Car Rental</arg>
</arguments>
<status status="PASS" starttime="20210303 12:50:47.583" endtime="20210303 12:50:47.692"></status>
</kw>
<status status="PASS" starttime="20210303 12:50:43.549" endtime="20210303 12:50:47.692"></status>
</kw>
<kw name="When User enters valid email and password">
<kw name="Input Text" library="SeleniumLibrary">
<doc>Types the given ``text`` into the text field identified by ``locator``.</doc>
<arguments>
<arg>xpath://*[@id="email"]</arg>
<arg>${USERID}</arg>
</arguments>
<msg timestamp="20210303 12:50:47.703" level="INFO">Typing text 'abc@info.com' into text field 'xpath://*[@id="email"]'.</msg>
<status status="PASS" starttime="20210303 12:50:47.702" endtime="20210303 12:50:48.585"></status>
</kw>
<kw name="Input Text" library="SeleniumLibrary">
<doc>Types the given ``text`` into the text field identified by ``locator``.</doc>
<arguments>
<arg>xpath://*[@id="password"]</arg>
<arg>${PASSWORD}</arg>
</arguments>
<msg timestamp="20210303 12:50:48.585" level="INFO">Typing text 'test123' into text field 'xpath://*[@id="password"]'.</msg>
<status status="PASS" starttime="20210303 12:50:48.585" endtime="20210303 12:50:48.993"></status>
</kw>
<status status="PASS" starttime="20210303 12:50:47.701" endtime="20210303 12:50:48.993"></status>
</kw>
<kw name="And User clicks the Login button">
<kw name="Press Keys" library="SeleniumLibrary">
<doc>Simulates the user pressing key(s) to an element or on the active browser.</doc>
<arguments>
<arg>xpath://*[@id="login"]</arg>
<arg>RETURN</arg>
</arguments>
<msg timestamp="20210303 12:50:48.997" level="INFO">Sending key(s) ('RETURN',) to xpath://*[@id="login"] element.</msg>
<msg timestamp="20210303 12:50:50.201" level="INFO">Pressing special key RETURN to element.</msg>
<msg timestamp="20210303 12:50:50.202" level="INFO">Releasing special key RETURN.</msg>
<status status="PASS" starttime="20210303 12:50:48.995" endtime="20210303 12:50:50.229"></status>
</kw>
<status status="PASS" starttime="20210303 12:50:48.993" endtime="20210303 12:50:50.230"></status>
</kw>
<kw name="Then User is logged in">
<kw name="Element Should Contain" library="SeleniumLibrary">
<doc>Verifies that element ``locator`` contains text ``expected``.</doc>
<arguments>
<arg>xpath://*[@id="welcomePhrase"]</arg>
<arg>${SIGNINMESSAGE}</arg>
</arguments>
<msg timestamp="20210303 12:50:50.352" level="INFO">Element 'xpath://*[@id="welcomePhrase"]' contains text 'You are signed in'.</msg>
<status status="PASS" starttime="20210303 12:50:50.235" endtime="20210303 12:50:50.353"></status>
</kw>
<status status="PASS" starttime="20210303 12:50:50.230" endtime="20210303 12:50:50.354"></status>
</kw>
<kw name="User enters valid dates to book car">
<kw name="Press Keys" library="SeleniumLibrary">
<doc>Simulates the user pressing key(s) to an element or on the active browser.</doc>
<arguments>
<arg>xpath://*[@id="reset"]</arg>
<arg>RETURN</arg>
</arguments>
<msg timestamp="20210303 12:50:50.358" level="INFO">Sending key(s) ('RETURN',) to xpath://*[@id="reset"] element.</msg>
<msg timestamp="20210303 12:50:51.121" level="INFO">Pressing special key RETURN to element.</msg>
<msg timestamp="20210303 12:50:51.122" level="INFO">Releasing special key RETURN.</msg>
<status status="PASS" starttime="20210303 12:50:50.358" endtime="20210303 12:50:51.160"></status>
</kw>
<kw name="Input Text" library="SeleniumLibrary">
<doc>Types the given ``text`` into the text field identified by ``locator``.</doc>
<arguments>
<arg>xpath://*[@id="start"]</arg>
<arg>0323</arg>
</arguments>
<msg timestamp="20210303 12:50:51.163" level="INFO">Typing text '0323' into text field 'xpath://*[@id="start"]'.</msg>
<status status="PASS" starttime="20210303 12:50:51.162" endtime="20210303 12:50:51.589"></status>
</kw>
<kw name="Input Text" library="SeleniumLibrary">
<doc>Types the given ``text`` into the text field identified by ``locator``.</doc>
<arguments>
<arg>xpath://*[@id="end"]</arg>
<arg>0324</arg>
</arguments>
<msg timestamp="20210303 12:50:51.590" level="INFO">Typing text '0324' into text field 'xpath://*[@id="end"]'.</msg>
<status status="PASS" starttime="20210303 12:50:51.589" endtime="20210303 12:50:51.922"></status>
</kw>
<status status="PASS" starttime="20210303 12:50:50.357" endtime="20210303 12:50:51.922"></status>
</kw>
<kw name="User clicks the continue button">
<kw name="Press Keys" library="SeleniumLibrary">
<doc>Simulates the user pressing key(s) to an element or on the active browser.</doc>
<arguments>
<arg>xpath://*[@id="continue"]</arg>
<arg>RETURN</arg>
</arguments>
<msg timestamp="20210303 12:50:51.924" level="INFO">Sending key(s) ('RETURN',) to xpath://*[@id="continue"] element.</msg>
<msg timestamp="20210303 12:50:53.840" level="INFO">Pressing special key RETURN to element.</msg>
<msg timestamp="20210303 12:50:53.840" level="INFO">Releasing special key RETURN.</msg>
<status status="PASS" starttime="20210303 12:50:51.924" endtime="20210303 12:50:53.916"></status>
</kw>
<status status="PASS" starttime="20210303 12:50:51.923" endtime="20210303 12:50:53.916"></status>
</kw>
<kw name="User selects the Make and Number Of Passengers To Book Car">
<kw name="Click Element" library="SeleniumLibrary">
<doc>Click the element identified by ``locator``.</doc>
<arguments>
<arg>xpath=//*[@id="ms-list-1"]/button/span</arg>
</arguments>
<msg timestamp="20210303 12:50:53.928" level="INFO">Clicking element 'xpath=//*[@id="ms-list-1"]/button/span'.</msg>
<status status="PASS" starttime="20210303 12:50:53.927" endtime="20210303 12:50:54.185"></status>
</kw>
<kw name="Select Checkbox" library="SeleniumLibrary">
<doc>Selects the checkbox identified by ``locator``.</doc>
<arguments>
<arg>xpath=//*[@id="ms-opt-1"]</arg>
</arguments>
<msg timestamp="20210303 12:50:54.187" level="INFO">Selecting checkbox 'xpath=//*[@id="ms-opt-1"]'.</msg>
<status status="PASS" starttime="20210303 12:50:54.186" endtime="20210303 12:50:54.603"></status>
</kw>
<kw name="Click Element" library="SeleniumLibrary">
<doc>Click the element identified by ``locator``.</doc>
<arguments>
<arg>xpath=//*[@id="ms-list-1"]/button/span</arg>
</arguments>
<msg timestamp="20210303 12:50:54.604" level="INFO">Clicking element 'xpath=//*[@id="ms-list-1"]/button/span'.</msg>
<status status="PASS" starttime="20210303 12:50:54.603" endtime="20210303 12:50:54.787"></status>
</kw>
<kw name="Click Element" library="SeleniumLibrary">
<doc>Click the element identified by ``locator``.</doc>
<arguments>
<arg>xpath=//*[@id="ms-list-2"]/button/span</arg>
</arguments>
<msg timestamp="20210303 12:50:54.788" level="INFO">Clicking element 'xpath=//*[@id="ms-list-2"]/button/span'.</msg>
<status status="PASS" starttime="20210303 12:50:54.788" endtime="20210303 12:50:55.063"></status>
</kw>
<kw name="Select Checkbox" library="SeleniumLibrary">
<doc>Selects the checkbox identified by ``locator``.</doc>
<arguments>
<arg>xpath=//*[@id="ms-opt-6"]</arg>
</arguments>
<msg timestamp="20210303 12:50:55.066" level="INFO">Selecting checkbox 'xpath=//*[@id="ms-opt-6"]'.</msg>
<status status="PASS" starttime="20210303 12:50:55.066" endtime="20210303 12:50:55.470"></status>
</kw>
<kw name="Click Element" library="SeleniumLibrary">
<doc>Click the element identified by ``locator``.</doc>
<arguments>
<arg>xpath=//*[@id="ms-list-2"]/button/span</arg>
</arguments>
<msg timestamp="20210303 12:50:55.473" level="INFO">Clicking element 'xpath=//*[@id="ms-list-2"]/button/span'.</msg>
<status status="PASS" starttime="20210303 12:50:55.473" endtime="20210303 12:50:55.656"></status>
</kw>
<status status="PASS" starttime="20210303 12:50:53.927" endtime="20210303 12:50:55.656"></status>
</kw>
<kw name="User clicks the Book button">
<kw name="Press Keys" library="SeleniumLibrary">
<doc>Simulates the user pressing key(s) to an element or on the active browser.</doc>
<arguments>
<arg>xpath://*[@id="carSelect1"]</arg>
<arg>RETURN</arg>
</arguments>
<msg timestamp="20210303 12:50:55.660" level="INFO">Sending key(s) ('RETURN',) to xpath://*[@id="carSelect1"] element.</msg>
<msg timestamp="20210303 12:50:56.898" level="INFO">Pressing special key RETURN to element.</msg>
<msg timestamp="20210303 12:50:56.898" level="INFO">Releasing special key RETURN.</msg>
<status status="PASS" starttime="20210303 12:50:55.658" endtime="20210303 12:50:56.976"></status>
</kw>
<status status="PASS" starttime="20210303 12:50:55.657" endtime="20210303 12:50:56.977"></status>
</kw>
<kw name="User enters valid card payment details">
<kw name="Input Text" library="SeleniumLibrary">
<doc>Types the given ``text`` into the text field identified by ``locator``.</doc>
<arguments>
<arg>xpath://*[@id="cardNum"]</arg>
<arg>2345679832547628</arg>
</arguments>
<msg timestamp="20210303 12:50:56.986" level="INFO">Typing text '2345679832547628' into text field 'xpath://*[@id="cardNum"]'.</msg>
<status status="PASS" starttime="20210303 12:50:56.985" endtime="20210303 12:50:57.490"></status>
</kw>
<kw name="Input Text" library="SeleniumLibrary">
<doc>Types the given ``text`` into the text field identified by ``locator``.</doc>
<arguments>
<arg>xpath://*[@id="fullName"]</arg>
<arg>Subhashini</arg>
</arguments>
<msg timestamp="20210303 12:50:57.491" level="INFO">Typing text 'Subhashini' into text field 'xpath://*[@id="fullName"]'.</msg>
<status status="PASS" starttime="20210303 12:50:57.490" endtime="20210303 12:50:57.954"></status>
</kw>
<kw name="Click Element" library="SeleniumLibrary">
<doc>Click the element identified by ``locator``.</doc>
<arguments>
<arg>xpath=//*[@id="confirmSelection"]/form/select[1]</arg>
</arguments>
<msg timestamp="20210303 12:50:57.954" level="INFO">Clicking element 'xpath=//*[@id="confirmSelection"]/form/select[1]'.</msg>
<status status="PASS" starttime="20210303 12:50:57.954" endtime="20210303 12:50:58.290"></status>
</kw>
<kw name="Select From List By Index" library="SeleniumLibrary">
<doc>Selects options from selection list ``locator`` by ``indexes``.</doc>
<arguments>
<arg>xpath=//*[@id="confirmSelection"]/form/select[1]</arg>
<arg>5</arg>
</arguments>
<msg timestamp="20210303 12:50:58.295" level="INFO">Selecting options from selection list 'xpath=//*[@id="confirmSelection"]/form/select[1]' by index 5.</msg>
<status status="PASS" starttime="20210303 12:50:58.290" endtime="20210303 12:50:58.817"></status>
</kw>
<kw name="Click Element" library="SeleniumLibrary">
<doc>Click the element identified by ``locator``.</doc>
<arguments>
<arg>xpath=//*[@id="confirmSelection"]/form/select[2]</arg>
</arguments>
<msg timestamp="20210303 12:50:58.819" level="INFO">Clicking element 'xpath=//*[@id="confirmSelection"]/form/select[2]'.</msg>
<status status="PASS" starttime="20210303 12:50:58.818" endtime="20210303 12:50:59.199"></status>
</kw>
<kw name="Select From List By Index" library="SeleniumLibrary">
<doc>Selects options from selection list ``locator`` by ``indexes``.</doc>
<arguments>
<arg>xpath=//*[@id="confirmSelection"]/form/select[2]</arg>
<arg>4</arg>
</arguments>
<msg timestamp="20210303 12:50:59.200" level="INFO">Selecting options from selection list 'xpath=//*[@id="confirmSelection"]/form/select[2]' by index 4.</msg>
<status status="PASS" starttime="20210303 12:50:59.199" endtime="20210303 12:50:59.815"></status>
</kw>
<kw name="Input Text" library="SeleniumLibrary">
<doc>Types the given ``text`` into the text field identified by ``locator``.</doc>
<arguments>
<arg>xpath=//*[@id="cvc"]</arg>
<arg>311</arg>
</arguments>
<msg timestamp="20210303 12:50:59.817" level="INFO">Typing text '311' into text field 'xpath=//*[@id="cvc"]'.</msg>
<status status="PASS" starttime="20210303 12:50:59.816" endtime="20210303 12:51:00.370"></status>
</kw>
<status status="PASS" starttime="20210303 12:50:56.984" endtime="20210303 12:51:00.370"></status>
</kw>
<kw name="User clicks the Confirm booking">
<kw name="Press Keys" library="SeleniumLibrary">
<doc>Simulates the user pressing key(s) to an element or on the active browser.</doc>
<arguments>
<arg>xpath=//*[@id="confirm"]</arg>
<arg>RETURN</arg>
</arguments>
<msg timestamp="20210303 12:51:00.396" level="INFO">Sending key(s) ('RETURN',) to xpath=//*[@id="confirm"] element.</msg>
<msg timestamp="20210303 12:51:01.303" level="INFO">Pressing special key RETURN to element.</msg>
<msg timestamp="20210303 12:51:01.304" level="INFO">Releasing special key RETURN.</msg>
<status status="PASS" starttime="20210303 12:51:00.395" endtime="20210303 12:51:01.380"></status>
</kw>
<status status="PASS" starttime="20210303 12:51:00.394" endtime="20210303 12:51:01.383"></status>
</kw>
<kw name="User Can view bookings on Mypage">
<kw name="Press Keys" library="SeleniumLibrary">
<doc>Simulates the user pressing key(s) to an element or on the active browser.</doc>
<arguments>
<arg>xpath://*[@id="mypage"]</arg>
<arg>RETURN</arg>
</arguments>
<msg timestamp="20210303 12:51:01.396" level="INFO">Sending key(s) ('RETURN',) to xpath://*[@id="mypage"] element.</msg>
<msg timestamp="20210303 12:51:02.350" level="INFO">Pressing special key RETURN to element.</msg>
<msg timestamp="20210303 12:51:02.351" level="INFO">Releasing special key RETURN.</msg>
<status status="PASS" starttime="20210303 12:51:01.391" endtime="20210303 12:51:02.397"></status>
</kw>
<status status="PASS" starttime="20210303 12:51:01.390" endtime="20210303 12:51:02.397"></status>
</kw>
<kw name="End Web Test">
<kw name="Close All Browsers" library="SeleniumLibrary">
<doc>Closes all open browsers and resets the browser cache.</doc>
<status status="PASS" starttime="20210303 12:51:02.417" endtime="20210303 12:51:09.923"></status>
</kw>
<status status="PASS" starttime="20210303 12:51:02.413" endtime="20210303 12:51:09.925"></status>
</kw>
<kw name="End Web Test" type="teardown">
<kw name="Close All Browsers" library="SeleniumLibrary">
<doc>Closes all open browsers and resets the browser cache.</doc>
<status status="PASS" starttime="20210303 12:51:09.927" endtime="20210303 12:51:09.928"></status>
</kw>
<status status="PASS" starttime="20210303 12:51:09.926" endtime="20210303 12:51:09.928"></status>
</kw>
<doc>This test verifies end to end functionality of book a car</doc>
<tags>
<tag>a car</tag>
<tag>Booking</tag>
</tags>
<status status="PASS" starttime="20210303 12:50:37.428" endtime="20210303 12:51:09.928" critical="yes"></status>
</test>
<doc>This is some basic infor about the whole test suite</doc>
<status status="PASS" starttime="20210303 12:50:36.130" endtime="20210303 12:51:09.936"></status>
</suite>
<statistics>
<total>
<stat pass="1" fail="0">Critical Tests</stat>
<stat pass="1" fail="0">All Tests</stat>
</total>
<tag>
<stat pass="1" fail="0">a car</stat>
<stat pass="1" fail="0">Booking</stat>
</tag>
<suite>
<stat pass="1" fail="0" id="s1" name="VGtest">VGtest</stat>
</suite>
</statistics>
<errors>
</errors>
</robot>
